<?xml version="1.0" encoding="UTF-8"?>
<testng-results skipped="0" failed="1" total="1" passed="0">
  <reporter-output>
  </reporter-output>
  <suite name="RC Suite" duration-ms="208328" started-at="2017-10-31T09:34:34Z" finished-at="2017-10-31T09:38:02Z">
    <groups>
    </groups>
    <test name="RC Test" duration-ms="208328" started-at="2017-10-31T09:34:34Z" finished-at="2017-10-31T09:38:02Z">
      <class name="Test.Initiate">
        <test-method status="PASS" signature="Ini()[pri:0, instance:Test.Initiate@7ed7259e]" name="Ini" is-config="true" duration-ms="409" started-at="2017-10-31T04:34:34Z" finished-at="2017-10-31T04:34:34Z">
          <reporter-output>
          </reporter-output>
        </test-method> <!-- Ini -->
        <test-method status="FAIL" signature="checkHome(java.lang.String, java.lang.String)[pri:0, instance:Test.Initiate@7ed7259e]" name="checkHome" duration-ms="206961" started-at="2017-10-31T04:34:34Z" finished-at="2017-10-31T04:38:01Z">
          <params>
            <param index="0">
              <value>
                <![CDATA[FF]]>
              </value>
            </param>
            <param index="1">
              <value>
                <![CDATA[http://cct-live.qa.coc.ibmcloud.com/webapp/wcs/stores/servlet/en/circuitcityb2c]]>
              </value>
            </param>
          </params>
          <exception class="org.openqa.selenium.WebDriverException">
            <message>
              <![CDATA[org.apache.http.ConnectionClosedException: Premature end of Content-Length delimited message body (expected: 134424; received: 32024
Build info: version: '3.4.0', revision: 'unknown', time: 'unknown'
System info: host: 'WIN-JENKINST81S', ip: '192.168.56.1', os.name: 'Windows Server 2012 R2', os.arch: 'amd64', os.version: '6.3', java.version: '1.8.0_112'
Driver info: driver.version: RemoteWebDriver]]>
            </message>
            <full-stacktrace>
              <![CDATA[org.openqa.selenium.WebDriverException: org.apache.http.ConnectionClosedException: Premature end of Content-Length delimited message body (expected: 134424; received: 32024
Build info: version: '3.4.0', revision: 'unknown', time: 'unknown'
System info: host: 'WIN-JENKINST81S', ip: '192.168.56.1', os.name: 'Windows Server 2012 R2', os.arch: 'amd64', os.version: '6.3', java.version: '1.8.0_112'
Driver info: driver.version: RemoteWebDriver
	at org.openqa.selenium.remote.service.DriverCommandExecutor.execute(DriverCommandExecutor.java:91)
	at org.openqa.selenium.remote.RemoteWebDriver.execute(RemoteWebDriver.java:637)
	at org.openqa.selenium.remote.RemoteWebDriver.execute(RemoteWebDriver.java:694)
	at org.openqa.selenium.remote.RemoteWebDriver.getScreenshotAs(RemoteWebDriver.java:382)
	at Test.Report.CaptureScreen(Report.java:160)
	at Test.ADDRESS_BOOK.chk_AccSection(ADDRESS_BOOK.java:223)
	at Test.ADDRESS_BOOK.executeAllTest(ADDRESS_BOOK.java:62)
	at Test.Initiate.chkAddress_Book(Initiate.java:83)
	at Test.Initiate.checkHome(Initiate.java:58)
	at sun.reflect.NativeMethodAccessorImpl.invoke0(Native Method)
	at sun.reflect.NativeMethodAccessorImpl.invoke(NativeMethodAccessorImpl.java:62)
	at sun.reflect.DelegatingMethodAccessorImpl.invoke(DelegatingMethodAccessorImpl.java:43)
	at java.lang.reflect.Method.invoke(Method.java:498)
	at org.testng.internal.MethodInvocationHelper.invokeMethod(MethodInvocationHelper.java:84)
	at org.testng.internal.Invoker.invokeMethod(Invoker.java:714)
	at org.testng.internal.Invoker.invokeTestMethod(Invoker.java:901)
	at org.testng.internal.Invoker.invokeTestMethods(Invoker.java:1231)
	at org.testng.internal.TestMethodWorker.invokeTestMethods(TestMethodWorker.java:127)
	at org.testng.internal.TestMethodWorker.run(TestMethodWorker.java:111)
	at java.util.concurrent.ThreadPoolExecutor.runWorker(ThreadPoolExecutor.java:1142)
	at java.util.concurrent.ThreadPoolExecutor$Worker.run(ThreadPoolExecutor.java:617)
	at java.lang.Thread.run(Thread.java:745)
Caused by: org.apache.http.ConnectionClosedException: Premature end of Content-Length delimited message body (expected: 134424; received: 32024
	at org.apache.http.impl.io.ContentLengthInputStream.read(ContentLengthInputStream.java:178)
	at org.apache.http.impl.io.ContentLengthInputStream.read(ContentLengthInputStream.java:198)
	at org.apache.http.impl.io.ContentLengthInputStream.close(ContentLengthInputStream.java:101)
	at org.apache.http.impl.execchain.ResponseEntityProxy.streamClosed(ResponseEntityProxy.java:143)
	at org.apache.http.conn.EofSensorInputStream.checkClose(EofSensorInputStream.java:228)
	at org.apache.http.conn.EofSensorInputStream.close(EofSensorInputStream.java:172)
	at org.apache.http.util.EntityUtils.consume(EntityUtils.java:88)
	at org.openqa.selenium.remote.internal.ApacheHttpClient.createResponse(ApacheHttpClient.java:108)
	at org.openqa.selenium.remote.internal.ApacheHttpClient.execute(ApacheHttpClient.java:91)
	at org.openqa.selenium.remote.HttpCommandExecutor.execute(HttpCommandExecutor.java:161)
	at org.openqa.selenium.remote.service.DriverCommandExecutor.execute(DriverCommandExecutor.java:82)
	... 21 more
]]>
            </full-stacktrace>
          </exception> <!-- org.openqa.selenium.WebDriverException -->
          <reporter-output>
          </reporter-output>
        </test-method> <!-- checkHome -->
        <test-method status="PASS" signature="publishReport()[pri:0, instance:Test.Initiate@7ed7259e]" name="publishReport" is-config="true" duration-ms="911" started-at="2017-10-31T04:38:01Z" finished-at="2017-10-31T04:38:02Z">
          <reporter-output>
          </reporter-output>
        </test-method> <!-- publishReport -->
      </class> <!-- Test.Initiate -->
    </test> <!-- RC Test -->
  </suite> <!-- RC Suite -->
</testng-results>
